<?xml version="1.0" encoding="UTF-8"?>
<!-- Generated by org.testng.reporters.JUnitXMLReporter -->
<testsuite ignored="2" hostname="LAPTOP-5SP6RP0M" failures="0" tests="0" time="0.017" errors="0" timestamp="2024-10-09T15:14:05 BST">
  <testcase classname="webapplication.ErrorValidations" name="errors" time="0.0">
    <ignored/>
  </testcase> <!-- errors -->
  <testcase classname="webapplication.ErrorValidations" name="productvalidation" time="0.0">
    <ignored/>
  </testcase> <!-- productvalidation -->
</testsuite>
