<?xml version="1.0" encoding="UTF-8"?>
<!-- Generated by org.testng.reporters.JUnitXMLReporter -->
<testsuite ignored="1" hostname="LAPTOP-5SP6RP0M" failures="0" tests="2" name="moreoptimisedway" time="43.727" errors="0" timestamp="2024-10-09T15:14:49 BST">
  <testcase classname="webapplication.moreoptimisedway" name="optimiseway" time="15.074"/>
  <testcase classname="webapplication.moreoptimisedway" name="optimiseway" time="15.079"/>
  <testcase classname="webapplication.moreoptimisedway" name="orderhistory" time="0.0">
    <ignored/>
  </testcase> <!-- orderhistory -->
</testsuite> <!-- moreoptimisedway -->
