<?xml version="1.0" encoding="UTF-8"?>
<!-- Generated by org.testng.reporters.JUnitXMLReporter -->
<testsuite ignored="0" hostname="LAPTOP-5SP6RP0M" failures="0" tests="3" name="moreoptimisedway" time="0.257" errors="0" timestamp="2024-10-15T16:52:11 BST">
  <testcase classname="webapplication.moreoptimisedway" name="optimiseway" time="0.0">
    <skipped/>
  </testcase> <!-- optimiseway -->
  <testcase classname="webapplication.moreoptimisedway" name="optimiseway" time="0.0">
    <skipped/>
  </testcase> <!-- optimiseway -->
  <testcase classname="webapplication.moreoptimisedway" name="orderhistory" time="0.0">
    <skipped/>
  </testcase> <!-- orderhistory -->
</testsuite> <!-- moreoptimisedway -->
